22:04:26.964 [main] INFO  org.testng.annotations.Test - ************TEST CASE 5 SUCESSESFULLY EXECUTED***********
22:04:28.735 [main] INFO  org.testng.annotations.Test - ********** Launching WebDriver***********
22:04:34.499 [main] INFO  org.testng.annotations.Test - ********** Launching URL***********
22:04:37.202 [main] INFO  org.testng.annotations.Test - **********TEST CASE 6 STARTED**********
22:04:37.228 [main] INFO  org.testng.annotations.Test - ************TEST CASE 6 SUCESSESFULLY EXECUTED***********
22:04:37.700 [main] INFO  org.testng.annotations.Test - **********TEST CASE 7 STARTED**********
22:04:39.757 [main] INFO  org.testng.annotations.Test - ************TEST CASE 7 SUCESSESFULLY EXECUTED***********
22:04:41.516 [main] INFO  org.testng.annotations.Test - ********** Launching WebDriver***********
22:04:46.769 [main] INFO  org.testng.annotations.Test - ********** Launching URL***********
22:05:01.225 [main] INFO  org.testng.annotations.Test - ************TEST CASE 8 SUCESSESFULLY EXECUTED***********
22:05:08.970 [main] INFO  org.testng.annotations.Test - ************TEST CASE 8 SUCESSESFULLY EXECUTED***********
22:06:05.259 [main] INFO  org.testng.annotations.Test - ************TEST CASE 9 SUCESSESFULLY EXECUTED***********
22:17:44.941 [main] INFO  org.testng.annotations.Test - ********** Launching WebDriver***********
22:17:58.708 [main] INFO  org.testng.annotations.Test - ********** Launching URL***********
22:18:02.332 [main] INFO  org.testng.annotations.Test - **********TEST CASE 1 STARTED**********
22:18:02.410 [main] INFO  org.testng.annotations.Test - ************TEST CASE 1 SUCESSESFULLY EXECUTED***********
22:18:03.268 [main] INFO  org.testng.annotations.Test - **********TEST CASE 2 STARTED**********
22:18:08.956 [main] INFO  org.testng.annotations.Test - ************TEST CASE 2 SUCESSESFULLY EXECUTED***********
22:18:09.631 [main] INFO  org.testng.annotations.Test - **********TEST CASE 3 STARTED**********
22:18:16.440 [main] INFO  org.testng.annotations.Test - ************TEST CASE 3 SUCESSESFULLY EXECUTED***********
22:18:16.807 [main] INFO  org.testng.annotations.Test - **********TEST CASE 4 STARTED**********
22:18:16.829 [main] INFO  org.testng.annotations.Test - ************TEST CASE 4 SUCESSESFULLY EXECUTED***********
22:18:17.166 [main] INFO  org.testng.annotations.Test - **********TEST CASE 5  STARTED**********
22:18:37.919 [main] INFO  org.testng.annotations.Test - ********** Launching WebDriver***********
22:18:47.632 [main] INFO  org.testng.annotations.Test - ********** Launching URL***********
22:18:51.044 [main] INFO  org.testng.annotations.Test - **********TEST CASE 6 STARTED**********
22:18:51.086 [main] INFO  org.testng.annotations.Test - ************TEST CASE 6 SUCESSESFULLY EXECUTED***********
22:18:51.621 [main] INFO  org.testng.annotations.Test - **********TEST CASE 7 STARTED**********
22:18:56.264 [main] INFO  org.testng.annotations.Test - ************TEST CASE 7 SUCESSESFULLY EXECUTED***********
22:18:58.592 [main] INFO  org.testng.annotations.Test - ********** Launching WebDriver***********
22:19:06.615 [main] INFO  org.testng.annotations.Test - ********** Launching URL***********
22:19:24.568 [main] INFO  org.testng.annotations.Test - ************TEST CASE 8 SUCESSESFULLY EXECUTED***********
22:19:34.062 [main] INFO  org.testng.annotations.Test - ************TEST CASE 8 SUCESSESFULLY EXECUTED***********
22:20:09.321 [main] INFO  org.testng.annotations.Test - ************TEST CASE 9 SUCESSESFULLY EXECUTED***********
22:23:07.381 [main] INFO  org.testng.annotations.Test - ********** Launching WebDriver***********
22:23:21.705 [main] INFO  org.testng.annotations.Test - ********** Launching URL***********
22:23:24.860 [main] INFO  org.testng.annotations.Test - **********TEST CASE 1 STARTED**********
22:23:24.950 [main] INFO  org.testng.annotations.Test - ************TEST CASE 1 SUCESSESFULLY EXECUTED***********
22:23:25.711 [main] INFO  org.testng.annotations.Test - **********TEST CASE 2 STARTED**********
22:23:32.109 [main] INFO  org.testng.annotations.Test - ************TEST CASE 2 SUCESSESFULLY EXECUTED***********
22:23:32.674 [main] INFO  org.testng.annotations.Test - **********TEST CASE 3 STARTED**********
22:23:39.393 [main] INFO  org.testng.annotations.Test - ************TEST CASE 3 SUCESSESFULLY EXECUTED***********
22:23:39.777 [main] INFO  org.testng.annotations.Test - **********TEST CASE 4 STARTED**********
22:23:39.802 [main] INFO  org.testng.annotations.Test - ************TEST CASE 4 SUCESSESFULLY EXECUTED***********
22:23:40.148 [main] INFO  org.testng.annotations.Test - **********TEST CASE 5  STARTED**********
22:24:05.713 [main] INFO  org.testng.annotations.Test - ************TEST CASE 5 SUCESSESFULLY EXECUTED***********
22:24:06.037 [main] INFO  org.testng.annotations.Test - **********TEST CASE 6  STARTED**********
22:24:47.408 [main] INFO  org.testng.annotations.Test - ************TEST CASE 6 SUCESSESFULLY EXECUTED***********
